running for 1000 turns
                  ant_count c_turns climb? cutoff food r_turn ranking_bots s_alive s_hills score  w_turn winning
turn    0 stats:   [1,1,0]     0    [1,1]    -    127    0        None      [1,1]   [1,1]  [1,1]   0     None  
turn    1 stats:   [1,1,0]     1    [1,1]   Food  127    1       [0,0]      [1,1]   [1,1]  [1,1]   1     [0,1] 
turn    2 stats:   [1,1,0]     2    [1,1]   Food  127    1       [0,0]      [1,1]   [1,1]  [1,1]   1     [0,1] 
turn    3 stats:   [1,1,0]     3    [1,1]   Food  126    1       [0,0]      [1,1]   [1,1]  [1,1]   1     [0,1] 
turn    4 stats:   [2,2,0]     4    [1,1]   Food  126    1       [0,0]      [1,1]   [1,1]  [1,1]   1     [0,1] 
turn    5 stats:   [2,2,0]     5    [1,1]   Food  127    1       [0,0]      [1,1]   [1,1]  [1,1]   1     [0,1] 
turn    6 stats:   [2,2,0]     6    [1,1]   Food  127    1       [0,0]      [1,1]   [1,1]  [1,1]   1     [0,1] 
turn    7 stats:   [2,2,0]     7    [1,1]   Food  128    1       [0,0]      [1,1]   [1,1]  [1,1]   1     [0,1] 
turn    8 stats:   [2,2,0]     8    [1,1]   Food  128    1       [0,0]      [1,1]   [1,1]  [1,1]   1     [0,1] 
turn    9 stats:   [2,2,0]     9    [1,1]   Food  128    1       [0,0]      [1,1]   [1,1]  [1,1]   1     [0,1] 
turn   10 stats:   [2,2,0]    10    [1,1]   Food  127    1       [0,0]      [1,1]   [1,1]  [1,1]   1     [0,1] 
turn   11 stats:   [3,3,0]    11    [1,1]   Food  127    1       [0,0]      [1,1]   [1,1]  [1,1]   1     [0,1] 
turn   12 stats:   [3,3,0]    12    [1,1]   Food  127    1       [0,0]      [1,1]   [1,1]  [1,1]   1     [0,1] 
turn   13 stats:   [4,3,0]    13    [1,1]   Food  126    1       [0,0]      [1,1]   [1,1]  [1,1]   1     [0,1] 
turn   14 stats:   [5,3,0]    14    [1,1]   Food  127    1       [0,0]      [1,1]   [1,1]  [1,1]   1     [0,1] 
turn   15 stats:   [5,3,0]    15    [1,1]   Food  126    1       [0,0]      [1,1]   [1,1]  [1,1]   1     [0,1] 
turn   16 stats:   [6,3,0]    16    [1,1]   Food  126    1       [0,0]      [1,1]   [1,1]  [1,1]   1     [0,1] 
turn   17 stats:   [6,3,0]    17    [1,1]   Food  127    1       [0,0]      [1,1]   [1,1]  [1,1]   1     [0,1] 
turn   18 stats:   [6,3,0]    18    [1,1]   Food  127    1       [0,0]      [1,1]   [1,1]  [1,1]   1     [0,1] 
turn   19 stats:   [6,3,0]    19    [1,1]   Food  127    1       [0,0]      [1,1]   [1,1]  [1,1]   1     [0,1] 
turn   20 stats:   [7,3,0]    20    [1,1]   Food  127    1       [0,0]      [1,1]   [1,1]  [1,1]   1     [0,1] 
turn   21 stats:   [7,3,0]    21    [1,1]   Food  127    1       [0,0]      [1,1]   [1,1]  [1,1]   1     [0,1] 
turn   22 stats:   [8,3,0]    22    [1,1]   Food  127    1       [0,0]      [1,1]   [1,1]  [1,1]   1     [0,1] 
turn   23 stats:   [8,3,0]    23    [1,1]   Food  127    1       [0,0]      [1,1]   [1,1]  [1,1]   1     [0,1] 
turn   24 stats:   [8,3,0]    24    [1,1]   Food  128    1       [0,0]      [1,1]   [1,1]  [1,1]   1     [0,1] 
turn   25 stats:   [8,3,0]    25    [1,1]   Food  128    1       [0,0]      [1,1]   [1,1]  [1,1]   1     [0,1] 
turn   26 stats:   [8,3,0]    26    [1,1]   Food  129    1       [0,0]      [1,1]   [1,1]  [1,1]   1     [0,1] 
turn   27 stats:   [8,3,0]    27    [1,1]   Food  128    1       [0,0]      [1,1]   [1,1]  [1,1]   1     [0,1] 
turn   28 stats:   [9,3,0]    28    [1,1]   Food  129    1       [0,0]      [1,1]   [1,1]  [1,1]   1     [0,1] 
turn   29 stats:   [9,3,0]    29    [1,1]   Food  129    1       [0,0]      [1,1]   [1,1]  [1,1]   1     [0,1] 
turn   30 stats:   [9,3,0]    30    [1,1]   Food  129    1       [0,0]      [1,1]   [1,1]  [1,1]   1     [0,1] 
turn   31 stats:   [9,3,0]    31    [1,1]   Food  130    1       [0,0]      [1,1]   [1,1]  [1,1]   1     [0,1] 
turn   32 stats:   [9,3,0]    32    [1,1]   Food  130    1       [0,0]      [1,1]   [1,1]  [1,1]   1     [0,1] 
turn   33 stats:   [9,3,0]    33    [1,1]   Food  131    1       [0,0]      [1,1]   [1,1]  [1,1]   1     [0,1] 
turn   34 stats:   [9,3,0]    34    [1,1]   Food  131    1       [0,0]      [1,1]   [1,1]  [1,1]   1     [0,1] 
turn   35 stats:   [9,3,0]    35    [1,1]   Food  131    1       [0,0]      [1,1]   [1,1]  [1,1]   1     [0,1] 
turn   36 stats:  [10,3,0]    36    [1,1]   Food  131    1       [0,0]      [1,1]   [1,1]  [1,1]   1     [0,1] 
turn   37 stats:  [10,3,0]    37    [1,1]   Food  131    1       [0,0]      [1,1]   [1,1]  [1,1]   1     [0,1] 
turn   38 stats:  [10,3,0]    38    [1,1]   Food  132    1       [0,0]      [1,1]   [1,1]  [1,1]   1     [0,1] 
turn   39 stats:  [10,3,0]    39    [1,1]   Food  131    1       [0,0]      [1,1]   [1,1]  [1,1]   1     [0,1] 
turn   40 stats:  [11,3,0]    40    [1,1]   Food  132    1       [0,0]      [1,1]   [1,1]  [1,1]   1     [0,1] 
turn   41 stats:  [11,3,0]    41    [1,1]   Food  132    1       [0,0]      [1,1]   [1,1]  [1,1]   1     [0,1] 
turn   42 stats:  [11,3,0]    42    [1,1]   Food  132    1       [0,0]      [1,1]   [1,1]  [1,1]   1     [0,1] 
turn   43 stats:  [12,3,0]    43    [1,1]   Food  132    1       [0,0]      [1,1]   [1,1]  [1,1]   1     [0,1] 
turn   44 stats:  [12,3,0]    44    [1,1]   Food  132    1       [0,0]      [1,1]   [1,1]  [1,1]   1     [0,1] 
turn   45 stats:  [12,3,0]    45    [1,1]   Food  133    1       [0,0]      [1,1]   [1,1]  [1,1]   1     [0,1] 
turn   46 stats:  [12,3,0]    46    [1,1]   Food  133    1       [0,0]      [1,1]   [1,1]  [1,1]   1     [0,1] 
turn   47 stats:  [12,3,0]    47    [1,1]   Food  132    1       [0,0]      [1,1]   [1,1]  [1,1]   1     [0,1] 
turn   48 stats:  [13,3,0]    48    [1,1]   Food  132    1       [0,0]      [1,1]   [1,1]  [1,1]   1     [0,1] 
turn   49 stats:  [14,3,0]    49    [1,1]   Food  133    1       [0,0]      [1,1]   [1,1]  [1,1]   1     [0,1] 
                  ant_count  c_turns climb? cutoff food r_turn ranking_bots s_alive s_hills score  w_turn winning
turn   50 stats:  [14,3,0]    50    [1,1]   Food  133    1       [0,0]      [1,1]   [1,1]  [1,1]   1     [0,1] 
turn   51 stats:  [14,3,0]    51    [1,1]   Food  132    1       [0,0]      [1,1]   [1,1]  [1,1]   1     [0,1] 
turn   52 stats:  [15,3,0]    52    [1,1]   Food  133    1       [0,0]      [1,1]   [1,1]  [1,1]   1     [0,1] 
turn   53 stats:  [15,3,0]    53    [1,1]   Food  131    1       [0,0]      [1,1]   [1,1]  [1,1]   1     [0,1] 
turn   54 stats:  [16,3,0]    54    [1,1]   Food  130    1       [0,0]      [1,1]   [1,1]  [1,1]   1     [0,1] 
turn   55 stats:  [17,3,0]    55    [1,1]   Food  130    1       [0,0]      [1,1]   [1,1]  [1,1]   1     [0,1] 
turn   56 stats:  [18,3,0]    56    [1,1]   Food  131    1       [0,0]      [1,1]   [1,1]  [1,1]   1     [0,1] 
turn   57 stats:  [19,3,0]    57    [1,1]   Food  131    1       [0,0]      [1,1]   [1,1]  [1,1]   1     [0,1] 
turn   58 stats:  [19,3,0]    58    [1,1]   Food  131    1       [0,0]      [1,1]   [1,1]  [1,1]   1     [0,1] 
turn   59 stats:  [19,3,0]     0    [1,1]    -    130    1       [0,0]      [1,1]   [1,1]  [1,1]   1     [0,1] 
turn   60 stats:  [20,3,0]     0    [1,1]    -    130    1       [0,0]      [1,1]   [1,1]  [1,1]   1     [0,1] 
turn   61 stats:  [21,3,0]     0    [1,1]    -    131    1       [0,0]      [1,1]   [1,1]  [1,1]   1     [0,1] 
turn   62 stats:  [21,3,0]     0    [1,1]    -    131    1       [0,0]      [1,1]   [1,1]  [1,1]   1     [0,1] 
turn   63 stats:  [21,3,0]     0    [1,1]    -    130    1       [0,0]      [1,1]   [1,1]  [1,1]   1     [0,1] 
turn   64 stats:  [22,3,0]     0    [1,1]    -    130    1       [0,0]      [1,1]   [1,1]  [1,1]   1     [0,1] 
turn   65 stats:  [23,3,0]     0    [1,1]    -    130    1       [0,0]      [1,1]   [1,1]  [1,1]   1     [0,1] 
turn   66 stats:  [23,3,0]     0    [1,1]    -    130    1       [0,0]      [1,1]   [1,1]  [1,1]   1     [0,1] 
turn   67 stats:  [24,3,0]     0    [1,1]    -    129    1       [0,0]      [1,1]   [1,1]  [1,1]   1     [0,1] 
turn   68 stats:  [25,3,0]     0    [1,1]    -    130    1       [0,0]      [1,1]   [1,1]  [1,1]   1     [0,1] 
turn   69 stats:  [25,3,0]     0    [1,1]    -    130    1       [0,0]      [1,1]   [1,1]  [1,1]   1     [0,1] 
turn   70 stats:  [25,3,0]     0    [1,1]    -    131    1       [0,0]      [1,1]   [1,1]  [1,1]   1     [0,1] 
turn   71 stats:  [25,3,0]     0    [1,1]    -    130    1       [0,0]      [1,1]   [1,1]  [1,1]   1     [0,1] 
turn   72 stats:  [26,3,0]     0    [1,1]    -    130    1       [0,0]      [1,1]   [1,1]  [1,1]   1     [0,1] 
turn   73 stats:  [26,3,0]     0    [1,1]    -    130    1       [0,0]      [1,1]   [1,1]  [1,1]   1     [0,1] 
turn   74 stats:  [27,3,0]     0    [1,1]    -    129    1       [0,0]      [1,1]   [1,1]  [1,1]   1     [0,1] 
turn   75 stats:  [27,3,0]     0    [0,1]    -    130    1       [0,0]      [0,1]   [1,1]  [1,1]   1     [0,1] 
score 1 3
status timeout survived
playerturns 75 75
turn   75 bot 0 timed out
